<?xml version="1.0" encoding="UTF-8"?>
<!-- Generated by org.testng.reporters.JUnitXMLReporter -->
<testsuite ignored="0" hostname="DESKTOP-GP5OOLD" failures="0" tests="1" name="Automation_OpenCart" time="0.042" errors="0" timestamp="2023-12-15T11:44:14 PST">
  <testcase classname="com.opencart.customer.TestBase.BaseClass" name="@BeforeClass setup" time="-1.702611854836E9">
    <failure type="org.testng.TestNGException" message="
Parameter &amp;apos;browser&amp;apos; is required by BeforeClass on method setup but has not been marked @Optional or defined
in C:\Users\Timss-C\AppData\Local\JetBrains\IdeaIC2023.3\temp-testng-customsuite.xml">
      <![CDATA[org.testng.TestNGException: 
Parameter 'browser' is required by BeforeClass on method setup but has not been marked @Optional or defined
in C:\Users\Timss-C\AppData\Local\JetBrains\IdeaIC2023.3\temp-testng-customsuite.xml
at java.base/java.util.ArrayList.forEach(ArrayList.java:1596)
at com.intellij.rt.testng.IDEARemoteTestNG.run(IDEARemoteTestNG.java:65)
at com.intellij.rt.testng.RemoteTestNGStarter.main(RemoteTestNGStarter.java:105)
... Removed 19 stack frames]]>
    </failure>
  </testcase> <!-- @BeforeClass setup -->
  <testcase classname="com.opencart.customer.TestBase.BaseClass" name="@AfterClass tearDown" time="0.0">
    <skipped/>
  </testcase> <!-- @AfterClass tearDown -->
  <testcase classname="com.opencart.customer.TestCases.SearchProductTest" name="test_search_item" time="0.0">
    <skipped/>
  </testcase> <!-- test_search_item -->
</testsuite> <!-- Automation_OpenCart -->
